2017-12-01 10:24:53.150  INFO 8928 --- [main] com.youda.GameApplication                : Starting GameApplication on Adminstrator-PC with PID 8928 (D:\JAVA-Project\game\target\classes started by Administrator in D:\JAVA-Project\game)
2017-12-01 10:24:53.153  INFO 8928 --- [main] com.youda.GameApplication                : The following profiles are active: dev
2017-12-01 10:24:53.451  INFO 8928 --- [main] ationConfigEmbeddedWebApplicationContext : Refreshing org.springframework.boot.context.embedded.AnnotationConfigEmbeddedWebApplicationContext@478190fc: startup date [Fri Dec 01 10:24:53 CST 2017]; root of context hierarchy
2017-12-01 10:24:54.677  INFO 8928 --- [main] .s.d.r.c.RepositoryConfigurationDelegate : Multiple Spring Data modules found, entering strict repository configuration mode!
2017-12-01 10:24:54.710  INFO 8928 --- [main] .s.d.r.c.RepositoryConfigurationDelegate : Multiple Spring Data modules found, entering strict repository configuration mode!
2017-12-01 10:24:55.970  INFO 8928 --- [main] s.b.c.e.t.TomcatEmbeddedServletContainer : Tomcat initialized with port(s): 8080 (http)
2017-12-01 10:24:55.984  INFO 8928 --- [main] o.apache.catalina.core.StandardService   : Starting service [Tomcat]
2017-12-01 10:24:55.985  INFO 8928 --- [main] org.apache.catalina.core.StandardEngine  : Starting Servlet Engine: Apache Tomcat/8.5.23
2017-12-01 10:24:56.172  INFO 8928 --- [localhost-startStop-1] o.a.c.c.C.[Tomcat].[localhost].[/]       : Initializing Spring embedded WebApplicationContext
2017-12-01 10:24:56.172  INFO 8928 --- [localhost-startStop-1] o.s.web.context.ContextLoader            : Root WebApplicationContext: initialization completed in 2725 ms
2017-12-01 10:24:56.358  INFO 8928 --- [localhost-startStop-1] o.s.b.w.servlet.ServletRegistrationBean  : Mapping servlet: 'dispatcherServlet' to [/]
2017-12-01 10:24:56.362  INFO 8928 --- [localhost-startStop-1] o.s.b.w.servlet.FilterRegistrationBean   : Mapping filter: 'characterEncodingFilter' to: [/*]
2017-12-01 10:24:56.363  INFO 8928 --- [localhost-startStop-1] o.s.b.w.servlet.FilterRegistrationBean   : Mapping filter: 'hiddenHttpMethodFilter' to: [/*]
2017-12-01 10:24:56.363  INFO 8928 --- [localhost-startStop-1] o.s.b.w.servlet.FilterRegistrationBean   : Mapping filter: 'httpPutFormContentFilter' to: [/*]
2017-12-01 10:24:56.363  INFO 8928 --- [localhost-startStop-1] o.s.b.w.servlet.FilterRegistrationBean   : Mapping filter: 'requestContextFilter' to: [/*]
2017-12-01 10:24:57.016  INFO 8928 --- [main] j.LocalContainerEntityManagerFactoryBean : Building JPA container EntityManagerFactory for persistence unit 'default'
2017-12-01 10:24:57.034  INFO 8928 --- [main] o.hibernate.jpa.internal.util.LogHelper  : HHH000204: Processing PersistenceUnitInfo [
	name: default
	...]
2017-12-01 10:24:57.204  INFO 8928 --- [main] org.hibernate.Version                    : HHH000412: Hibernate Core {5.0.12.Final}
2017-12-01 10:24:57.206  INFO 8928 --- [main] org.hibernate.cfg.Environment            : HHH000206: hibernate.properties not found
2017-12-01 10:24:57.207  INFO 8928 --- [main] org.hibernate.cfg.Environment            : HHH000021: Bytecode provider name : javassist
2017-12-01 10:24:57.253  INFO 8928 --- [main] o.hibernate.annotations.common.Version   : HCANN000001: Hibernate Commons Annotations {5.0.1.Final}
2017-12-01 10:24:57.400  INFO 8928 --- [main] org.hibernate.dialect.Dialect            : HHH000400: Using dialect: org.hibernate.dialect.MySQL5InnoDBDialect
2017-12-01 10:24:57.811  INFO 8928 --- [main] org.hibernate.tuple.PojoInstantiator     : HHH000182: No default (no-argument) constructor for class: com.youda.model.MessageAuthCode (class must be instantiated by Interceptor)
2017-12-01 10:24:57.814  INFO 8928 --- [main] org.hibernate.tuple.PojoInstantiator     : HHH000182: No default (no-argument) constructor for class: com.youda.model.PayRecord (class must be instantiated by Interceptor)
2017-12-01 10:24:57.817  INFO 8928 --- [main] org.hibernate.tuple.PojoInstantiator     : HHH000182: No default (no-argument) constructor for class: com.youda.model.Game (class must be instantiated by Interceptor)
2017-12-01 10:24:57.824  INFO 8928 --- [main] org.hibernate.tuple.PojoInstantiator     : HHH000182: No default (no-argument) constructor for class: com.youda.model.Order (class must be instantiated by Interceptor)
2017-12-01 10:24:57.960  INFO 8928 --- [main] j.LocalContainerEntityManagerFactoryBean : Initialized JPA EntityManagerFactory for persistence unit 'default'
2017-12-01 10:24:58.600  INFO 8928 --- [main] s.w.s.m.m.a.RequestMappingHandlerAdapter : Looking for @ControllerAdvice: org.springframework.boot.context.embedded.AnnotationConfigEmbeddedWebApplicationContext@478190fc: startup date [Fri Dec 01 10:24:53 CST 2017]; root of context hierarchy
2017-12-01 10:24:58.691  INFO 8928 --- [main] s.w.s.m.m.a.RequestMappingHandlerMapping : Mapped "{[/excel/download],methods=[GET]}" onto private void com.youda.controller.ExportExcelController.downloadExcel(javax.servlet.http.HttpServletRequest,javax.servlet.http.HttpServletResponse) throws java.io.IOException
2017-12-01 10:24:58.693  INFO 8928 --- [main] s.w.s.m.m.a.RequestMappingHandlerMapping : Mapped "{[/pdf/download],methods=[GET]}" onto private void com.youda.controller.ExportPDFController.downloadPDF(javax.servlet.http.HttpServletRequest,javax.servlet.http.HttpServletResponse) throws java.lang.Exception
2017-12-01 10:24:58.695  INFO 8928 --- [main] s.w.s.m.m.a.RequestMappingHandlerMapping : Mapped "{[/game/create],methods=[POST]}" onto public java.lang.String com.youda.controller.GameController.addGame()
2017-12-01 10:24:58.696  INFO 8928 --- [main] s.w.s.m.m.a.RequestMappingHandlerMapping : Mapped "{[/message/send],methods=[GET]}" onto public java.lang.String com.youda.controller.MessageAuthCodeController.sendMessageCode(java.lang.String)
2017-12-01 10:24:58.698  INFO 8928 --- [main] s.w.s.m.m.a.RequestMappingHandlerMapping : Mapped "{[/user/error]}" onto public java.lang.String com.youda.controller.UserController.handleError()
2017-12-01 10:24:58.699  INFO 8928 --- [main] s.w.s.m.m.a.RequestMappingHandlerMapping : Mapped "{[/user/get/{userId}],methods=[GET]}" onto public com.youda.model.User com.youda.controller.UserController.findByUserId(java.lang.String)
2017-12-01 10:24:58.700  INFO 8928 --- [main] s.w.s.m.m.a.RequestMappingHandlerMapping : Mapped "{[/user/getname],methods=[GET]}" onto public com.youda.model.User com.youda.controller.UserController.findByUserName(java.lang.String)
2017-12-01 10:24:58.700  INFO 8928 --- [main] s.w.s.m.m.a.RequestMappingHandlerMapping : Mapped "{[/user/modifybyname],methods=[PUT]}" onto public boolean com.youda.controller.UserController.modifyByUserName(java.lang.String)
2017-12-01 10:24:58.700  INFO 8928 --- [main] s.w.s.m.m.a.RequestMappingHandlerMapping : Mapped "{[/user/registered],methods=[POST]}" onto public org.springframework.http.ResponseEntity com.youda.controller.UserController.userRegistered(java.util.Map)
2017-12-01 10:24:58.701  INFO 8928 --- [main] s.w.s.m.m.a.RequestMappingHandlerMapping : Mapped "{[/user/login],methods=[GET]}" onto public org.springframework.http.ResponseEntity com.youda.controller.UserController.userLogin(java.lang.String,java.lang.String)
2017-12-01 10:24:58.702  INFO 8928 --- [main] s.w.s.m.m.a.RequestMappingHandlerMapping : Mapped "{[/wechat/apppay],methods=[POST]}" onto public java.lang.String com.youda.controller.WeChatPayController.WeChatAppPay()
2017-12-01 10:24:58.740  INFO 8928 --- [main] o.s.w.s.handler.SimpleUrlHandlerMapping  : Mapped URL path [/webjars/**] onto handler of type [class org.springframework.web.servlet.resource.ResourceHttpRequestHandler]
2017-12-01 10:24:58.740  INFO 8928 --- [main] o.s.w.s.handler.SimpleUrlHandlerMapping  : Mapped URL path [/**] onto handler of type [class org.springframework.web.servlet.resource.ResourceHttpRequestHandler]
2017-12-01 10:24:58.855  INFO 8928 --- [main] o.s.w.s.handler.SimpleUrlHandlerMapping  : Mapped URL path [/**/favicon.ico] onto handler of type [class org.springframework.web.servlet.resource.ResourceHttpRequestHandler]
2017-12-01 10:24:59.350  INFO 8928 --- [main] o.s.j.e.a.AnnotationMBeanExporter        : Registering beans for JMX exposure on startup
2017-12-01 10:24:59.407  INFO 8928 --- [main] s.b.c.e.t.TomcatEmbeddedServletContainer : Tomcat started on port(s): 8080 (http)
2017-12-01 10:24:59.427  INFO 8928 --- [main] com.youda.GameApplication                : Started GameApplication in 6.845 seconds (JVM running for 7.394)
